[debug] [2025-08-13T13:17:04.559Z] ----------------------------------------------------------------------
[debug] [2025-08-13T13:17:04.570Z] Command:       C:\Program Files\nodejs\node.exe C:\Users\Addo Banor Tetteh\AppData\Roaming\npm\node_modules\firebase-tools\lib\bin\firebase.js init
[debug] [2025-08-13T13:17:04.571Z] CLI Version:   14.12.0
[debug] [2025-08-13T13:17:04.571Z] Platform:      win32
[debug] [2025-08-13T13:17:04.572Z] Node Version:  v22.18.0
[debug] [2025-08-13T13:17:04.572Z] Time:          Wed Aug 13 2025 13:17:04 GMT+0000 (Greenwich Mean Time)
[debug] [2025-08-13T13:17:04.573Z] ----------------------------------------------------------------------
[debug] 
[debug] [2025-08-13T13:17:04.591Z] > command requires scopes: ["email","openid","https://www.googleapis.com/auth/cloudplatformprojects.readonly","https://www.googleapis.com/auth/firebase","https://www.googleapis.com/auth/cloud-platform"]
[debug] [2025-08-13T13:17:04.592Z] > authorizing via signed-in user (alexlivartcoffie@gmail.com)
[info] 
     ######## #### ########  ######## ########     ###     ######  ########
     ##        ##  ##     ## ##       ##     ##  ##   ##  ##       ##
     ######    ##  ########  ######   ########  #########  ######  ######
     ##        ##  ##    ##  ##       ##     ## ##     ##       ## ##
     ##       #### ##     ## ######## ########  ##     ##  ######  ########

You're about to initialize a Firebase project in this directory:

  C:\Users\Addo Banor Tetteh\Desktop\ecommerce-fullstack\ecommerce-frontend

[debug] [2025-08-13T13:29:39.422Z] ExitPromptError: User force closed the prompt with SIGINT
    at Interface.sigint (C:\Users\Addo Banor Tetteh\AppData\Roaming\npm\node_modules\firebase-tools\node_modules\@inquirer\core\dist\commonjs\lib\create-prompt.js:101:37)
    at Interface.emit (node:events:518:28)
    at Interface.emit (node:domain:489:12)
    at [_ttyWrite] [as _ttyWrite] (node:internal/readline/interface:1132:18)
    at ReadStream.onkeypress (node:internal/readline/interface:271:20)
    at ReadStream.emit (node:events:530:35)
    at ReadStream.emit (node:domain:489:12)
    at emitKeys (node:internal/readline/utils:370:14)
    at emitKeys.next (<anonymous>)
    at ReadStream.onData (node:internal/readline/emitKeypressEvents:64:36)
[error] 
[error] Error: An unexpected error has occurred.
